<?xml version="1.0" encoding="UTF-8"?>
<!-- Generated by org.testng.reporters.JUnitReportReporter -->
<testsuite skipped="0" hostname="luk-j14ntc2" name="demos.Registration"
	tests="1" failures="0" timestamp="01 Nov 2017 15:03:38 GMT" time="19.825"
	errors="0">
	<testcase name="registerVerify" time="19.825" classname="demos.Registration" />
</testsuite> <!-- demos.Registration -->
