<?xml version="1.0" encoding="UTF-8"?>
<!-- Generated by org.testng.reporters.JUnitReportReporter -->
<testsuite skipped="0" hostname="luk-j14ntc2"
	name="Smoketests.LoginPresentTestNG" tests="1" failures="0"
	timestamp="08 Oct 2017 17:05:09 GMT" time="8.025" errors="0">
	<testcase name="loginElementPresentTest" time="8.025"
		classname="Smoketests.LoginPresentTestNG" />
</testsuite> <!-- Smoketests.LoginPresentTestNG -->
