<?xml version="1.0" encoding="UTF-8"?>
<!-- Generated by org.testng.reporters.JUnitReportReporter -->
<testsuite skipped="0" hostname="luk-j14ntc2" name="Smoketests.NewTest"
	tests="1" failures="0" timestamp="09 Oct 2017 09:56:46 GMT" time="15.248"
	errors="0">
	<testcase name="loginElementPresentTest" time="15.248"
		classname="Smoketests.NewTest" />
</testsuite> <!-- Smoketests.NewTest -->
